
May 29, 2021 18:54:11.334 NEW SESSION
May 29, 2021 18:54:11.334 Opening in existing browser session.
May 29, 2021 22:12:44.858 Opening in existing browser session.
May 29, 2021 22:23:05.907 Opening in existing browser session.
May 29, 2021 22:25:15.358 Opening in existing browser session.
May 29, 2021 22:28:36.361 Opening in existing browser session.
May 29, 2021 23:43:34.550 Opening in existing browser session.
May 29, 2021 23:55:44.725 Opening in existing browser session.
May 29, 2021 23:56:07.863 Opening in existing browser session.
May 30, 2021 24:01:53.720 Opening in existing browser session.
May 30, 2021 05:32:23.209 Opening in existing browser session.
May 30, 2021 05:34:33.793 Opening in existing browser session.
May 30, 2021 05:35:54.775 Opening in existing browser session.
May 30, 2021 05:38:21.621 Opening in existing browser session.
May 30, 2021 05:45:48.25 Opening in existing browser session.
May 30, 2021 05:48:56.115 Opening in existing browser session.
May 30, 2021 05:57:22.455 Opening in existing browser session.
May 30, 2021 06:06:54.376 Opening in existing browser session.
May 30, 2021 06:43:51.267 Opening in existing browser session.

May 30, 2021 19:10:02.601 NEW SESSION
May 30, 2021 19:10:02.602 Opening in existing browser session.
May 30, 2021 19:10:38.68 Opening in existing browser session.
May 30, 2021 19:12:36.162 [218361:218361:0530/191236.162764:ERROR:broker_posix.cc(43)] Invalid node channel message
May 30, 2021 19:12:36.861 Opening in existing browser session.
May 30, 2021 19:16:35.929 Opening in existing browser session.

May 30, 2021 21:12:49.285 NEW SESSION
May 30, 2021 21:12:49.285 Opening in existing browser session.
May 31, 2021 05:32:59.469 Opening in existing browser session.
May 31, 2021 05:33:28.996 Opening in existing browser session.
May 31, 2021 05:33:51.622 Opening in existing browser session.
May 31, 2021 05:34:05.947 Opening in existing browser session.
May 31, 2021 05:34:25.940 Opening in existing browser session.
May 31, 2021 05:51:34.928 [225749:225749:0531/055134.904636:ERROR:sandbox_linux.cc(374)] InitializeSandbox() called with multiple threads in process gpu-process.
May 31, 2021 05:55:23.860 Opening in existing browser session.
May 31, 2021 05:55:44.911 Opening in existing browser session.
May 31, 2021 06:01:06.922 [226536:226536:0531/060106.922330:ERROR:sandbox_linux.cc(374)] InitializeSandbox() called with multiple threads in process gpu-process.
May 31, 2021 06:08:16.380 [227644:227644:0531/060816.380588:ERROR:sandbox_linux.cc(374)] InitializeSandbox() called with multiple threads in process gpu-process.
May 31, 2021 06:10:31.759 Opening in existing browser session.
May 31, 2021 06:10:43.966 [228154:228154:0531/061043.966242:ERROR:sandbox_linux.cc(374)] InitializeSandbox() called with multiple threads in process gpu-process.
May 31, 2021 06:11:00.942 [228401:228401:0531/061100.941813:ERROR:sandbox_linux.cc(374)] InitializeSandbox() called with multiple threads in process gpu-process.
May 31, 2021 06:11:18.556 [228647:228647:0531/061118.555735:ERROR:sandbox_linux.cc(374)] InitializeSandbox() called with multiple threads in process gpu-process.
May 31, 2021 06:14:14.352 Opening in existing browser session.
May 31, 2021 06:14:50.769 Opening in existing browser session.

May 31, 2021 06:30:37.814 NEW SESSION
May 31, 2021 06:30:37.814 Opening in existing browser session.
May 31, 2021 06:32:46.897 [231209:231209:0531/063246.897045:ERROR:broker_posix.cc(43)] Invalid node channel message
May 31, 2021 06:32:47.67 [231206:231206:0531/063247.067089:ERROR:sandbox_linux.cc(374)] InitializeSandbox() called with multiple threads in process gpu-process.
May 31, 2021 06:32:47.68 [231206:231206:0531/063247.067879:ERROR:broker_posix.cc(43)] Invalid node channel message
May 31, 2021 06:32:47.181 Opening in existing browser session.
May 31, 2021 06:41:05.919 Opening in existing browser session.

Jun 03, 2021 10:07:21.112 NEW SESSION
Jun 03, 2021 10:07:21.112 Opening in existing browser session.
Jun 03, 2021 11:54:08.15 Opening in existing browser session.
Jun 03, 2021 11:55:33.322 [31597:31597:0603/115533.322010:ERROR:broker_posix.cc(43)] Invalid node channel message
Jun 03, 2021 11:55:33.719 Opening in existing browser session.
Jun 03, 2021 11:55:33.727 [31589:31589:0100/000000.726230:ERROR:sandbox_linux.cc(374)] InitializeSandbox() called with multiple threads in process gpu-process.
Jun 03, 2021 11:55:33.727 [31589:31589:0100/000000.726707:ERROR:broker_posix.cc(43)] Invalid node channel message
Jun 03, 2021 11:57:24.365 Opening in existing browser session.
Jun 03, 2021 11:58:01.656 Opening in existing browser session.
Jun 03, 2021 11:58:15.554 Opening in existing browser session.
Jun 03, 2021 11:58:33.442 Opening in existing browser session.
Jun 03, 2021 11:59:19.521 Opening in existing browser session.
Jun 03, 2021 12:00:18.858 Opening in existing browser session.
Jun 03, 2021 12:06:12.120 Opening in existing browser session.
Jun 03, 2021 12:06:59.908 Opening in existing browser session.

Jun 03, 2021 13:33:07.179 NEW SESSION
Jun 03, 2021 13:33:07.179 Opening in existing browser session.
Jun 03, 2021 13:34:50.336 [4201:4201:0603/133450.334277:ERROR:broker_posix.cc(43)] Invalid node channel message
Jun 03, 2021 13:34:50.834 Opening in existing browser session.
Jun 03, 2021 13:45:50.401 Opening in existing browser session.
Jun 03, 2021 14:51:04.421 Opening in existing browser session.
Jun 03, 2021 16:07:37.03 Opening in existing browser session.
Jun 03, 2021 16:13:12.965 Opening in existing browser session.
Jun 03, 2021 16:17:17.741 Opening in existing browser session.
Jun 03, 2021 16:18:28.670 [11328:11328:0603/161828.669953:ERROR:broker_posix.cc(43)] Invalid node channel message
Jun 03, 2021 16:18:28.820 [11325:11325:0603/161828.820542:ERROR:sandbox_linux.cc(374)] InitializeSandbox() called with multiple threads in process gpu-process.
Jun 03, 2021 16:18:28.821 [11325:11325:0603/161828.821541:ERROR:broker_posix.cc(43)] Invalid node channel message
Jun 03, 2021 16:18:28.928 Opening in existing browser session.
Jun 04, 2021 09:13:30.858 Opening in existing browser session.
Jun 04, 2021 09:22:00.798 Opening in existing browser session.
Jun 04, 2021 09:36:28.254 Opening in existing browser session.
Jun 04, 2021 09:40:19.487 Opening in existing browser session.
Jun 04, 2021 11:25:46.734 Opening in existing browser session.
Jun 04, 2021 11:45:36.729 Opening in existing browser session.
Jun 04, 2021 11:46:50.701 Opening in existing browser session.
Jun 04, 2021 11:48:16.736 Opening in existing browser session.
Jun 04, 2021 11:55:44.64 Opening in existing browser session.
Jun 04, 2021 11:56:23.142 Opening in existing browser session.
Jun 04, 2021 11:57:48.871 Opening in existing browser session.
Jun 05, 2021 09:25:41.526 Opening in existing browser session.
Jun 05, 2021 09:28:40.494 Opening in existing browser session.
Jun 05, 2021 09:30:00.703 [32886:32886:0605/093000.702178:ERROR:broker_posix.cc(43)] Invalid node channel message
Jun 05, 2021 09:30:00.845 [32877:32877:0605/093000.845490:ERROR:sandbox_linux.cc(374)] InitializeSandbox() called with multiple threads in process gpu-process.
Jun 05, 2021 09:30:00.849 [32877:32877:0605/093000.849053:ERROR:broker_posix.cc(43)] Invalid node channel message
Jun 05, 2021 09:30:01.188 Opening in existing browser session.
Jun 05, 2021 09:33:00.271 [33184:33184:0605/093300.271166:ERROR:broker_posix.cc(43)] Invalid node channel message
Jun 05, 2021 09:33:00.466 [33177:33177:0605/093300.465995:ERROR:sandbox_linux.cc(374)] InitializeSandbox() called with multiple threads in process gpu-process.
Jun 05, 2021 09:33:00.466 [33177:33177:0605/093300.466729:ERROR:broker_posix.cc(43)] Invalid node channel message
Jun 05, 2021 09:33:00.757 Opening in existing browser session.
Jun 05, 2021 09:33:12.57 Opening in existing browser session.
Jun 05, 2021 09:37:16.53 Opening in existing browser session.
Jun 05, 2021 09:41:09.72 Opening in existing browser session.
Jun 05, 2021 09:44:17.223 Opening in existing browser session.
Jun 05, 2021 09:45:24.576 Opening in existing browser session.
Jun 05, 2021 09:55:25.908 Opening in existing browser session.
Jun 05, 2021 09:56:24.525 Opening in existing browser session.
Jun 05, 2021 10:57:57.850 Opening in existing browser session.
Jun 05, 2021 11:03:54.204 Opening in existing browser session.
Jun 05, 2021 11:19:09.527 Opening in existing browser session.
Jun 05, 2021 11:19:19.358 Opening in existing browser session.
Jun 05, 2021 12:19:30.647 Opening in existing browser session.
Jun 05, 2021 12:24:04.440 Opening in existing browser session.
Jun 05, 2021 12:25:24.637 Opening in existing browser session.
Jun 05, 2021 12:30:45.479 Opening in existing browser session.
Jun 05, 2021 12:52:55.90 Opening in existing browser session.
Jun 05, 2021 12:54:13.653 Opening in existing browser session.
Jun 05, 2021 12:57:11.587 Opening in existing browser session.
Jun 05, 2021 13:49:24.495 Opening in existing browser session.

Jun 05, 2021 20:02:10.834 NEW SESSION
Jun 05, 2021 20:02:10.834 Opening in existing browser session.
Jun 05, 2021 20:03:58.882 Opening in existing browser session.
Jun 05, 2021 20:21:55.803 Opening in existing browser session.
Jun 05, 2021 21:45:02.190 Opening in existing browser session.
Jun 05, 2021 21:45:11.500 Opening in existing browser session.
Jun 05, 2021 21:52:39.26 Opening in existing browser session.
Jun 05, 2021 23:13:03.07 Opening in existing browser session.
Jun 06, 2021 20:49:49.836 Opening in existing browser session.
Jun 06, 2021 22:05:47.609 [72917:72917:0606/220547.609680:ERROR:broker_posix.cc(43)] Invalid node channel message
Jun 06, 2021 22:05:47.825 Opening in existing browser session.
Jun 06, 2021 22:05:47.864 [72909:72909:0100/000000.864342:ERROR:sandbox_linux.cc(374)] InitializeSandbox() called with multiple threads in process gpu-process.
Jun 06, 2021 22:05:47.865 [72909:72909:0100/000000.865675:ERROR:broker_posix.cc(43)] Invalid node channel message
